<?xml version="1.0" encoding="UTF-8"?>
<testng-results skipped="0" failed="0" ignored="0" total="7" passed="7">
  <reporter-output>
  </reporter-output>
  <suite name="Suite" duration-ms="16456" started-at="2021-06-17T00:52:59 EET" finished-at="2021-06-17T00:53:16 EET">
    <groups>
    </groups>
    <test name="Test" duration-ms="16456" started-at="2021-06-17T00:52:59 EET" finished-at="2021-06-17T00:53:16 EET">
      <class name="testClass">
        <test-method status="PASS" signature="T1_Create_Token()[pri:0, instance:testClass@4bec1f0c]" name="T1_Create_Token" duration-ms="5883" started-at="2021-06-17T00:52:59 EET" finished-at="2021-06-17T00:53:05 EET">
          <reporter-output>
          </reporter-output>
        </test-method> <!-- T1_Create_Token -->
        <test-method status="PASS" signature="T2_Get_BookingID()[pri:0, instance:testClass@4bec1f0c]" name="T2_Get_BookingID" duration-ms="924" started-at="2021-06-17T00:53:05 EET" finished-at="2021-06-17T00:53:06 EET">
          <reporter-output>
          </reporter-output>
        </test-method> <!-- T2_Get_BookingID -->
        <test-method status="PASS" signature="T3_Get_BookingDetails()[pri:0, instance:testClass@4bec1f0c]" name="T3_Get_BookingDetails" duration-ms="1007" started-at="2021-06-17T00:53:06 EET" finished-at="2021-06-17T00:53:07 EET">
          <reporter-output>
          </reporter-output>
        </test-method> <!-- T3_Get_BookingDetails -->
        <test-method status="PASS" signature="T4_Create_Booking()[pri:0, instance:testClass@4bec1f0c]" name="T4_Create_Booking" duration-ms="960" started-at="2021-06-17T00:53:07 EET" finished-at="2021-06-17T00:53:08 EET">
          <reporter-output>
          </reporter-output>
        </test-method> <!-- T4_Create_Booking -->
        <test-method status="PASS" signature="T5_Update_Booking()[pri:0, instance:testClass@4bec1f0c]" name="T5_Update_Booking" duration-ms="2474" started-at="2021-06-17T00:53:08 EET" finished-at="2021-06-17T00:53:11 EET">
          <reporter-output>
          </reporter-output>
        </test-method> <!-- T5_Update_Booking -->
        <test-method status="PASS" signature="T6_PartialUpdate_Booking()[pri:0, instance:testClass@4bec1f0c]" name="T6_PartialUpdate_Booking" duration-ms="2713" started-at="2021-06-17T00:53:11 EET" finished-at="2021-06-17T00:53:13 EET">
          <reporter-output>
          </reporter-output>
        </test-method> <!-- T6_PartialUpdate_Booking -->
        <test-method status="PASS" signature="T7_Delete_Booking()[pri:0, instance:testClass@4bec1f0c]" name="T7_Delete_Booking" duration-ms="2402" started-at="2021-06-17T00:53:13 EET" finished-at="2021-06-17T00:53:16 EET">
          <reporter-output>
          </reporter-output>
        </test-method> <!-- T7_Delete_Booking -->
      </class> <!-- testClass -->
    </test> <!-- Test -->
  </suite> <!-- Suite -->
</testng-results>
