<?xml version="1.0" encoding="UTF-8"?>
<!-- Generated by org.testng.reporters.JUnitXMLReporter -->
<testsuite hostname="Onur-MacBook-Pro.local" ignored="0" tests="7" failures="0" timestamp="2021-06-17T00:53:21 EET" time="16.456" errors="0">
  <testcase name="T1_Create_Token" time="5.883" classname="testClass"/>
  <testcase name="T2_Get_BookingID" time="0.924" classname="testClass"/>
  <testcase name="T3_Get_BookingDetails" time="1.007" classname="testClass"/>
  <testcase name="T4_Create_Booking" time="0.96" classname="testClass"/>
  <testcase name="T5_Update_Booking" time="2.474" classname="testClass"/>
  <testcase name="T6_PartialUpdate_Booking" time="2.713" classname="testClass"/>
  <testcase name="T7_Delete_Booking" time="2.402" classname="testClass"/>
</testsuite>
